2022-11-05 13:04:48,563:INFO:PyCaret Supervised Module
2022-11-05 13:04:48,563:INFO:ML Usecase: regression
2022-11-05 13:04:48,564:INFO:version 2.3.10
2022-11-05 13:04:48,564:INFO:Initializing setup()
2022-11-05 13:04:48,564:INFO:setup(target=future_price, ml_usecase=regression, available_plots={'parameter': 'Hyperparameters', 'residuals': 'Residuals', 'error': 'Prediction Error', 'cooks': 'Cooks Distance', 'rfe': 'Feature Selection', 'learning': 'Learning Curve', 'manifold': 'Manifold Learning', 'vc': 'Validation Curve', 'feature': 'Feature Importance', 'feature_all': 'Feature Importance (All)', 'tree': 'Decision Tree', 'residuals_interactive': 'Interactive Residuals'}, train_size=0.7, test_data=None, preprocess=True, imputation_type=simple, iterative_imputation_iters=5, categorical_features=None, categorical_imputation=constant, categorical_iterative_imputer=lightgbm, ordinal_features=None, high_cardinality_features=None, high_cardinality_method=frequency, numeric_features=None, numeric_imputation=mean, numeric_iterative_imputer=lightgbm, date_features=None, ignore_features=None, normalize=False, normalize_method=zscore, transformation=False, transformation_method=yeo-johnson, handle_unknown_categorical=True, unknown_categorical_method=least_frequent, pca=False, pca_method=linear, pca_components=None, ignore_low_variance=False, combine_rare_levels=False, rare_level_threshold=0.1, bin_numeric_features=None, remove_outliers=False, outliers_threshold=0.05, remove_multicollinearity=False, multicollinearity_threshold=0.9, remove_perfect_collinearity=True, create_clusters=False, cluster_iter=20, polynomial_features=False, polynomial_degree=2, trigonometry_features=False, polynomial_threshold=0.1, group_features=None, group_names=None, feature_selection=False, feature_selection_threshold=0.8, feature_selection_method=classic, feature_interaction=False, feature_ratio=False, interaction_threshold=0.01, fix_imbalance=False, fix_imbalance_method=None, transform_target=False, transform_target_method=box-cox, data_split_shuffle=True, data_split_stratify=False, fold_strategy=kfold, fold=10, fold_shuffle=False, fold_groups=None, n_jobs=-1, use_gpu=False, custom_pipeline=None, html=True, session_id=None, log_experiment=False, experiment_name=None, experiment_custom_tags=None, log_plots=False, log_profile=False, log_data=False, silent=False, verbose=True, profile=False, profile_kwargs=None, display=None)
2022-11-05 13:04:48,564:INFO:Checking environment
2022-11-05 13:04:48,564:INFO:python_version: 3.8.12
2022-11-05 13:04:48,565:INFO:python_build: ('default', 'Aug 30 2021 16:42:10')
2022-11-05 13:04:48,565:INFO:machine: x86_64
2022-11-05 13:04:48,565:INFO:platform: Linux-5.15.0-1021-gcp-x86_64-with
2022-11-05 13:04:48,566:INFO:Memory: svmem(total=33661661184, available=23152504832, percent=31.2, used=10182414336, free=7759466496, active=6488870912, inactive=13985173504, buffers=2456219648, cached=13263560704, shared=73056256, slab=4582576128)
2022-11-05 13:04:48,567:INFO:Physical Core: 2
2022-11-05 13:04:48,567:INFO:Logical Core: 4
2022-11-05 13:04:48,567:INFO:Checking libraries
2022-11-05 13:04:48,568:INFO:pd==1.5.1
2022-11-05 13:04:48,568:INFO:numpy==1.23.3
2022-11-05 13:04:48,568:INFO:sklearn==0.23.2
2022-11-05 13:04:48,568:INFO:lightgbm==3.3.3
2022-11-05 13:04:48,569:WARNING:catboost not found
2022-11-05 13:04:48,570:WARNING:xgboost not found
2022-11-05 13:04:48,570:INFO:mlflow==1.30.0
2022-11-05 13:04:48,570:INFO:Checking Exceptions
2022-11-05 13:04:48,570:INFO:Declaring global variables
2022-11-05 13:04:48,571:INFO:USI: c578
2022-11-05 13:04:48,571:INFO:pycaret_globals: {'fold_groups_param', 'target_param', '_available_plots', 'y_test', 'pycaret_globals', '_all_models_internal', 'log_plots_param', 'stratify_param', 'exp_name_log', '_all_metrics', 'X', 'n_jobs_param', 'fold_shuffle_param', 'y', 'imputation_regressor', 'fix_imbalance_method_param', 'X_test', 'logging_param', 'create_model_container', '_all_models', 'fold_groups_param_full', 'display_container', 'master_model_container', 'imputation_classifier', 'gpu_param', '_ml_usecase', 'USI', 'seed', 'transform_target_method_param', 'html_param', 'data_before_preprocess', 'fold_generator', 'X_train', 'fold_param', 'iterative_imputation_iters_param', 'y_train', 'transform_target_param', '_internal_pipeline', 'prep_pipe', 'experiment__', '_gpu_n_jobs_param', 'dashboard_logger', 'fix_imbalance_param'}
2022-11-05 13:04:48,571:INFO:Preparing display monitor
2022-11-05 13:04:48,572:INFO:Preparing display monitor
2022-11-05 13:04:48,585:INFO:Importing libraries
2022-11-05 13:04:48,586:INFO:Copying data for preprocessing
2022-11-05 13:04:48,591:INFO:Declaring preprocessing parameters
2022-11-05 13:04:48,593:INFO:Creating preprocessing pipeline
2022-11-05 13:04:48,598:INFO:Preprocessing pipeline created successfully
2022-11-05 13:04:48,599:ERROR:(Process Exit): setup has been interupted with user command 'quit'. setup must rerun.
2022-11-05 13:04:48,600:INFO:Creating global containers
2022-11-05 13:04:48,602:INFO:Internal pipeline: Pipeline(memory=None, steps=[('empty_step', 'passthrough')], verbose=False)
2022-11-05 13:11:51,844:INFO:PyCaret Supervised Module
2022-11-05 13:11:51,845:INFO:ML Usecase: regression
2022-11-05 13:11:51,845:INFO:version 2.3.10
2022-11-05 13:11:51,845:INFO:Initializing setup()
2022-11-05 13:11:51,846:INFO:setup(target=future_price, ml_usecase=regression, available_plots={'parameter': 'Hyperparameters', 'residuals': 'Residuals', 'error': 'Prediction Error', 'cooks': 'Cooks Distance', 'rfe': 'Feature Selection', 'learning': 'Learning Curve', 'manifold': 'Manifold Learning', 'vc': 'Validation Curve', 'feature': 'Feature Importance', 'feature_all': 'Feature Importance (All)', 'tree': 'Decision Tree', 'residuals_interactive': 'Interactive Residuals'}, train_size=0.7, test_data=None, preprocess=True, imputation_type=simple, iterative_imputation_iters=5, categorical_features=None, categorical_imputation=constant, categorical_iterative_imputer=lightgbm, ordinal_features=None, high_cardinality_features=None, high_cardinality_method=frequency, numeric_features=None, numeric_imputation=mean, numeric_iterative_imputer=lightgbm, date_features=None, ignore_features=None, normalize=False, normalize_method=zscore, transformation=False, transformation_method=yeo-johnson, handle_unknown_categorical=True, unknown_categorical_method=least_frequent, pca=False, pca_method=linear, pca_components=None, ignore_low_variance=False, combine_rare_levels=False, rare_level_threshold=0.1, bin_numeric_features=None, remove_outliers=False, outliers_threshold=0.05, remove_multicollinearity=False, multicollinearity_threshold=0.9, remove_perfect_collinearity=True, create_clusters=False, cluster_iter=20, polynomial_features=False, polynomial_degree=2, trigonometry_features=False, polynomial_threshold=0.1, group_features=None, group_names=None, feature_selection=False, feature_selection_threshold=0.8, feature_selection_method=classic, feature_interaction=False, feature_ratio=False, interaction_threshold=0.01, fix_imbalance=False, fix_imbalance_method=None, transform_target=False, transform_target_method=box-cox, data_split_shuffle=True, data_split_stratify=False, fold_strategy=kfold, fold=10, fold_shuffle=False, fold_groups=None, n_jobs=-1, use_gpu=False, custom_pipeline=None, html=True, session_id=None, log_experiment=False, experiment_name=None, experiment_custom_tags=None, log_plots=False, log_profile=False, log_data=False, silent=False, verbose=True, profile=False, profile_kwargs=None, display=None)
2022-11-05 13:11:51,846:INFO:Checking environment
2022-11-05 13:11:51,846:INFO:python_version: 3.8.12
2022-11-05 13:11:51,846:INFO:python_build: ('default', 'Aug 30 2021 16:42:10')
2022-11-05 13:11:51,847:INFO:machine: x86_64
2022-11-05 13:11:51,847:INFO:platform: Linux-5.15.0-1021-gcp-x86_64-with
2022-11-05 13:11:51,848:INFO:Memory: svmem(total=33661661184, available=17825738752, percent=47.0, used=15773900800, free=1764630528, active=5676216320, inactive=18233716736, buffers=1395249152, cached=14727880704, shared=28770304, slab=6911434752)
2022-11-05 13:11:51,849:INFO:Physical Core: 2
2022-11-05 13:11:51,849:INFO:Logical Core: 4
2022-11-05 13:11:51,849:INFO:Checking libraries
2022-11-05 13:11:51,849:INFO:pd==1.5.1
2022-11-05 13:11:51,849:INFO:numpy==1.23.3
2022-11-05 13:11:51,850:INFO:sklearn==0.23.2
2022-11-05 13:11:51,850:INFO:lightgbm==3.3.3
2022-11-05 13:11:51,850:WARNING:catboost not found
2022-11-05 13:11:51,851:WARNING:xgboost not found
2022-11-05 13:11:51,851:INFO:mlflow==1.30.0
2022-11-05 13:11:51,853:INFO:Checking Exceptions
2022-11-05 13:11:51,853:INFO:Declaring global variables
2022-11-05 13:11:51,853:INFO:USI: 4b32
2022-11-05 13:11:51,853:INFO:pycaret_globals: {'fold_groups_param', 'target_param', '_available_plots', 'y_test', 'pycaret_globals', '_all_models_internal', 'log_plots_param', 'stratify_param', 'exp_name_log', '_all_metrics', 'X', 'n_jobs_param', 'fold_shuffle_param', 'y', 'imputation_regressor', 'fix_imbalance_method_param', 'X_test', 'logging_param', 'create_model_container', '_all_models', 'fold_groups_param_full', 'display_container', 'master_model_container', 'imputation_classifier', 'gpu_param', '_ml_usecase', 'USI', 'seed', 'transform_target_method_param', 'html_param', 'data_before_preprocess', 'fold_generator', 'X_train', 'fold_param', 'iterative_imputation_iters_param', 'y_train', 'transform_target_param', '_internal_pipeline', 'prep_pipe', 'experiment__', '_gpu_n_jobs_param', 'dashboard_logger', 'fix_imbalance_param'}
2022-11-05 13:11:51,854:INFO:Preparing display monitor
2022-11-05 13:11:51,854:INFO:Preparing display monitor
2022-11-05 13:11:51,874:INFO:Importing libraries
2022-11-05 13:11:51,878:INFO:Copying data for preprocessing
2022-11-05 13:11:51,883:INFO:Declaring preprocessing parameters
2022-11-05 13:11:51,889:INFO:Creating preprocessing pipeline
2022-11-05 13:11:51,893:INFO:Preprocessing pipeline created successfully
2022-11-05 13:11:51,893:ERROR:(Process Exit): setup has been interupted with user command 'quit'. setup must rerun.
2022-11-05 13:11:51,894:INFO:Creating global containers
2022-11-05 13:11:51,898:INFO:Internal pipeline: Pipeline(memory=None, steps=[('empty_step', 'passthrough')], verbose=False)
